<?xml version="1.0" encoding="UTF-8"?>
<testsuite name="baseball.BallsTest" tests="1" skipped="0" failures="0" errors="0" timestamp="2021-09-26T11:49:10" hostname="DESKTOP-OA9Q0KS" time="0.079">
  <properties/>
  <testcase name="play_3strike()" classname="baseball.BallsTest" time="0.079"/>
  <system-out><![CDATA[]]></system-out>
  <system-err><![CDATA[]]></system-err>
</testsuite>
